<?xml version="1.0" encoding="UTF-8"?>
<!-- Generated by org.testng.reporters.JUnitReportReporter -->
<testsuite hostname="Pallavi-Sadhus-MacBook-Air.local" failures="0" tests="2" name="sprint1_java.PhonebillCalculator" time="0.016" errors="0" timestamp="2022-12-20T12:12:21 CST" skipped="0">
  <testcase classname="sprint1_java.PhonebillCalculator" name="testCase1" time="0.013"/>
  <system-out/>
  <testcase classname="sprint1_java.PhonebillCalculator" name="testCase2" time="0.003"/>
  <system-out/>
</testsuite> <!-- sprint1_java.PhonebillCalculator -->
