<?xml version="1.0" encoding="UTF-8"?>
<!-- Generated by org.testng.reporters.JUnitReportReporter -->
<testsuite hostname="Pallavi-Sadhus-MacBook-Air.local" failures="0" tests="4" name="sprint1_java.StringAnagram" time="0.022" errors="0" timestamp="2022-12-18T16:49:48 CST" skipped="0">
  <testcase classname="sprint1_java.StringAnagram" name="testCase4" time="0.003"/>
  <system-out/>
  <testcase classname="sprint1_java.StringAnagram" name="testCase3" time="0.003"/>
  <system-out/>
  <testcase classname="sprint1_java.StringAnagram" name="testCase2" time="0.002"/>
  <system-out/>
  <testcase classname="sprint1_java.StringAnagram" name="testCase1" time="0.014"/>
  <system-out/>
</testsuite> <!-- sprint1_java.StringAnagram -->
