<?xml version="1.0" encoding="UTF-8"?>
<!-- Generated by org.testng.reporters.JUnitReportReporter -->
<testsuite hostname="Pallavi-Sadhus-MacBook-Air.local" failures="0" tests="1" name="sprint1_java.ArrangingArray" time="0.013" errors="0" timestamp="2023-01-01T11:39:58 CST" skipped="0">
  <testcase classname="sprint1_java.ArrangingArray" name="testCase1" time="0.013"/>
  <system-out/>
</testsuite> <!-- sprint1_java.ArrangingArray -->
