<?xml version="1.0" encoding="UTF-8"?>
<!-- Generated by org.testng.reporters.JUnitReportReporter -->
<testsuite hostname="Pallavi-Sadhus-MacBook-Air.local" failures="0" tests="2" name="sprint1_java.PhonebillCalculator" time="0.019" errors="0" timestamp="2022-12-20T12:43:53 CST" skipped="0">
  <testcase classname="sprint1_java.PhonebillCalculator" name="testCase1" time="0.015"/>
  <system-out/>
  <testcase classname="sprint1_java.PhonebillCalculator" name="testCase2" time="0.004"/>
  <system-out/>
</testsuite> <!-- sprint1_java.PhonebillCalculator -->
