<?xml version="1.0" encoding="UTF-8"?>
<!-- Generated by org.testng.reporters.JUnitReportReporter -->
<testsuite hostname="Pallavi-Sadhus-MacBook-Air.local" failures="0" tests="1" name="sprint1_java.JavaCollection" time="0.018" errors="0" timestamp="2022-12-19T10:18:58 CST" skipped="0">
  <testcase classname="sprint1_java.JavaCollection" name="testCase1" time="0.018"/>
  <system-out/>
</testsuite> <!-- sprint1_java.JavaCollection -->
