<?xml version="1.0" encoding="UTF-8"?>
<!-- Generated by org.testng.reporters.JUnitReportReporter -->
<testsuite hostname="Pallavi-Sadhus-MacBook-Air.local" failures="0" tests="3" name="sprint1_java.SumOfEvenAndOddNumbers" time="0.027" errors="0" timestamp="2022-12-18T17:29:57 CST" skipped="0">
  <testcase classname="sprint1_java.SumOfEvenAndOddNumbers" name="testCase1" time="0.021"/>
  <system-out/>
  <testcase classname="sprint1_java.SumOfEvenAndOddNumbers" name="testCase2" time="0.004"/>
  <system-out/>
  <testcase classname="sprint1_java.SumOfEvenAndOddNumbers" name="testCase3" time="0.002"/>
  <system-out/>
</testsuite> <!-- sprint1_java.SumOfEvenAndOddNumbers -->
