<?xml version="1.0" encoding="UTF-8"?>
<!-- Generated by org.testng.reporters.JUnitReportReporter -->
<testsuite hostname="Pallavi-Sadhus-MacBook-Air.local" failures="0" tests="1" name="sprint1_java.ArrangingArray" time="0.012" errors="0" timestamp="2022-12-20T11:40:32 CST" skipped="0">
  <testcase classname="sprint1_java.ArrangingArray" name="testCase1" time="0.012"/>
  <system-out/>
</testsuite> <!-- sprint1_java.ArrangingArray -->
