<?xml version="1.0" encoding="UTF-8"?>
<!-- Generated by org.testng.reporters.JUnitReportReporter -->
<testsuite hostname="Pallavi-Sadhus-MacBook-Air.local" failures="0" tests="3" name="sprint1_java.MathChallenge" time="0.020" errors="0" timestamp="2022-12-19T21:26:57 CST" skipped="0">
  <testcase classname="sprint1_java.MathChallenge" name="testCase3" time="0.002"/>
  <system-out/>
  <testcase classname="sprint1_java.MathChallenge" name="testCase1" time="0.013"/>
  <system-out/>
  <testcase classname="sprint1_java.MathChallenge" name="testCase2" time="0.005"/>
  <system-out/>
</testsuite> <!-- sprint1_java.MathChallenge -->
